2025-10-25 14:39:29,028 INFO    MainThread:1274871 [wandb_setup.py:_flush():67] Current SDK version is 0.19.7
2025-10-25 14:39:29,028 INFO    MainThread:1274871 [wandb_setup.py:_flush():67] Configure stats pid to 1274871
2025-10-25 14:39:29,028 INFO    MainThread:1274871 [wandb_setup.py:_flush():67] Loading settings from /global/homes/k/katiekee/.config/wandb/settings
2025-10-25 14:39:29,028 INFO    MainThread:1274871 [wandb_setup.py:_flush():67] Loading settings from /pscratch/sd/k/katiekee/GenerativeTopologyOptimization/wandb/settings
2025-10-25 14:39:29,029 INFO    MainThread:1274871 [wandb_setup.py:_flush():67] Loading settings from environment variables
2025-10-25 14:39:29,029 INFO    MainThread:1274871 [wandb_init.py:setup_run_log_directory():647] Logging user logs to /pscratch/sd/k/katiekee/GenerativeTopologyOptimization/wandb/run-20251025_143929-0k0yuuqy/logs/debug.log
2025-10-25 14:39:29,029 INFO    MainThread:1274871 [wandb_init.py:setup_run_log_directory():648] Logging internal logs to /pscratch/sd/k/katiekee/GenerativeTopologyOptimization/wandb/run-20251025_143929-0k0yuuqy/logs/debug-internal.log
2025-10-25 14:39:29,029 INFO    MainThread:1274871 [wandb_init.py:init():761] calling init triggers
2025-10-25 14:39:29,029 INFO    MainThread:1274871 [wandb_init.py:init():766] wandb.init called with sweep_config: {}
config: {'local_rank': 0, 'world_size': 4, 'per_gpu_batch': 2, 'stage1_epochs': 25, 'stage2_epochs': 10000, 'wandb_project': 'generative_topology_optimization', 'wandb_entity': None, 'wandb_run_name': None, 'no_wandb': False, '_wandb': {}}
2025-10-25 14:39:29,029 INFO    MainThread:1274871 [wandb_init.py:init():784] starting backend
2025-10-25 14:39:29,029 INFO    MainThread:1274871 [wandb_init.py:init():788] sending inform_init request
2025-10-25 14:39:29,055 INFO    MainThread:1274871 [backend.py:_multiprocessing_setup():97] multiprocessing start_methods=fork,spawn,forkserver, using: spawn
2025-10-25 14:39:29,055 INFO    MainThread:1274871 [wandb_init.py:init():803] backend started and connected
2025-10-25 14:39:29,059 INFO    MainThread:1274871 [wandb_init.py:init():896] updated telemetry
2025-10-25 14:39:29,089 INFO    MainThread:1274871 [wandb_init.py:init():920] communicating run to backend with 90.0 second timeout
2025-10-25 14:39:29,580 INFO    MainThread:1274871 [wandb_init.py:init():995] starting run threads in backend
2025-10-25 14:39:31,803 INFO    MainThread:1274871 [wandb_run.py:_console_start():2377] atexit reg
2025-10-25 14:39:31,803 INFO    MainThread:1274871 [wandb_run.py:_redirect():2227] redirect: wrap_raw
2025-10-25 14:39:31,803 INFO    MainThread:1274871 [wandb_run.py:_redirect():2292] Wrapping output streams.
2025-10-25 14:39:31,804 INFO    MainThread:1274871 [wandb_run.py:_redirect():2317] Redirects installed.
2025-10-25 14:39:31,818 INFO    MainThread:1274871 [wandb_init.py:init():1037] run started, returning control to user process
2025-10-25 14:39:38,531 WARNING MsgRouterThr:1274871 [router.py:message_loop():77] message_loop has been closed
Traceback (most recent call last):
  File "/global/common/software/nersc9/pytorch/2.6.0/lib/python3.12/site-packages/wandb/sdk/interface/router_sock.py", line 28, in _read_message
    resp = self._sock_client.read_server_response(timeout=1)
           ^^^^^^^^^^^^^^^^^^^^^^^^^^^^^^^^^^^^^^^^^^^^^^^^^
  File "/global/common/software/nersc9/pytorch/2.6.0/lib/python3.12/site-packages/wandb/sdk/lib/sock_client.py", line 285, in read_server_response
    data = self._read_packet_bytes(timeout=timeout)
           ^^^^^^^^^^^^^^^^^^^^^^^^^^^^^^^^^^^^^^^^
  File "/global/common/software/nersc9/pytorch/2.6.0/lib/python3.12/site-packages/wandb/sdk/lib/sock_client.py", line 270, in _read_packet_bytes
    raise SockClientClosedError
wandb.sdk.lib.sock_client.SockClientClosedError

The above exception was the direct cause of the following exception:

Traceback (most recent call last):
  File "/global/common/software/nersc9/pytorch/2.6.0/lib/python3.12/site-packages/wandb/sdk/interface/router.py", line 70, in message_loop
    msg = self._read_message()
          ^^^^^^^^^^^^^^^^^^^^
  File "/global/common/software/nersc9/pytorch/2.6.0/lib/python3.12/site-packages/wandb/sdk/interface/router_sock.py", line 30, in _read_message
    raise MessageRouterClosedError from e
wandb.sdk.interface.router.MessageRouterClosedError
2025-10-25 14:39:38,579 INFO    MsgRouterThr:1274871 [mailbox.py:close():115] Closing mailbox, abandoning 1 handles.
